::1 - - [04/Mar/2022:05:43:15 -0600] "GET / HTTP/1.1" 200 46
::1 - - [04/Mar/2022:05:43:26 -0600] "GET /favicon.ico HTTP/1.1" 404 196
::1 - - [04/Mar/2022:06:48:55 -0600] "GET /prueba.php HTTP/1.1" 200 135
::1 - - [04/Mar/2022:06:49:12 -0600] "GET /prueba.php HTTP/1.1" 200 4
::1 - - [12/Mar/2022:13:39:38 -0600] "GET / HTTP/1.1" 200 46
::1 - - [12/Mar/2022:13:39:40 -0600] "GET /favicon.ico HTTP/1.1" 404 196
::1 - - [12/Mar/2022:13:45:39 -0600] "GET /introphp HTTP/1.1" 301 234
::1 - - [12/Mar/2022:13:45:39 -0600] "GET /introphp/ HTTP/1.1" 200 264
::1 - - [12/Mar/2022:13:47:34 -0600] "GET /introphp/ HTTP/1.1" 200 4
::1 - - [12/Mar/2022:13:47:52 -0600] "GET /introphp/ HTTP/1.1" 200 199
::1 - - [12/Mar/2022:14:00:18 -0600] "GET /introphp/ HTTP/1.1" 200 4
::1 - - [12/Mar/2022:14:01:04 -0600] "GET /introphp/ HTTP/1.1" 200 18
::1 - - [12/Mar/2022:14:10:13 -0600] "GET /introphp/ HTTP/1.1" 200 18
::1 - - [12/Mar/2022:14:10:25 -0600] "GET /introphp/ HTTP/1.1" 200 18
::1 - - [12/Mar/2022:14:10:26 -0600] "GET /introphp/ HTTP/1.1" 200 18
::1 - - [12/Mar/2022:14:10:32 -0600] "GET /introphp/ HTTP/1.1" 200 18
::1 - - [12/Mar/2022:14:11:04 -0600] "GET /introphp/ HTTP/1.1" 200 623
::1 - - [12/Mar/2022:14:14:43 -0600] "GET /introphp/?seleccion=en&enviar=seleccionar HTTP/1.1" 200 151
::1 - - [12/Mar/2022:14:35:29 -0600] "GET /introphp/?seleccion=en&enviar=seleccionar HTTP/1.1" 200 636
::1 - - [12/Mar/2022:14:35:31 -0600] "POST /introphp/?seleccion=en&enviar=seleccionar HTTP/1.1" 200 649
::1 - - [12/Mar/2022:14:47:22 -0600] "POST /introphp/?seleccion=en&enviar=seleccionar HTTP/1.1" 200 895
::1 - - [12/Mar/2022:14:47:35 -0600] "GET /introphp/ HTTP/1.1" 200 158
::1 - - [12/Mar/2022:14:50:31 -0600] "GET /introphp/ HTTP/1.1" 200 694
::1 - - [12/Mar/2022:14:50:57 -0600] "GET /introphp/ HTTP/1.1" 200 722
::1 - - [12/Mar/2022:14:52:35 -0600] "GET /introphp/ HTTP/1.1" 200 813
::1 - - [12/Mar/2022:15:00:20 -0600] "GET /introphp/ HTTP/1.1" 200 813
::1 - - [12/Mar/2022:15:00:27 -0600] "POST /introphp/ HTTP/1.1" 200 803
::1 - - [12/Mar/2022:15:00:31 -0600] "POST /introphp/ HTTP/1.1" 200 813
