AH00558: httpd.exe: Could not reliably determine the server's fully qualified domain name, using fe80::9cfc:8c3d:dfd2:4eb9. Set the 'ServerName' directive globally to suppress this message
[Fri Mar 04 05:42:23.337967 2022] [mpm_winnt:notice] [pid 7648:tid 740] AH00455: Apache/2.4.52 (Win64) configured -- resuming normal operations
[Fri Mar 04 05:42:23.368969 2022] [mpm_winnt:notice] [pid 7648:tid 740] AH00456: Apache Lounge VC15 Server built: Dec 23 2021 11:00:40
[Fri Mar 04 05:42:23.368969 2022] [core:notice] [pid 7648:tid 740] AH00094: Command line: 'C:\\Server\\Apache24\\bin\\httpd.exe -d C:/Server/Apache24'
[Fri Mar 04 05:42:23.834177 2022] [mpm_winnt:notice] [pid 7648:tid 740] AH00418: Parent: Created child process 5460
AH00558: httpd.exe: Could not reliably determine the server's fully qualified domain name, using fe80::9cfc:8c3d:dfd2:4eb9. Set the 'ServerName' directive globally to suppress this message
AH00558: httpd.exe: Could not reliably determine the server's fully qualified domain name, using fe80::9cfc:8c3d:dfd2:4eb9. Set the 'ServerName' directive globally to suppress this message
[Fri Mar 04 05:42:34.557643 2022] [mpm_winnt:notice] [pid 5460:tid 704] AH00354: Child: Starting 64 worker threads.
[Fri Mar 04 06:33:30.998098 2022] [mpm_winnt:notice] [pid 7648:tid 740] AH00422: Parent: Received shutdown signal -- Shutting down the server.
[Fri Mar 04 06:33:33.044868 2022] [mpm_winnt:notice] [pid 5460:tid 704] AH00364: Child: All worker threads have exited.
[Fri Mar 04 06:33:33.263731 2022] [mpm_winnt:notice] [pid 7648:tid 740] AH00430: Parent: Child process 5460 exited successfully.
AH00558: httpd.exe: Could not reliably determine the server's fully qualified domain name, using fe80::9cfc:8c3d:dfd2:4eb9. Set the 'ServerName' directive globally to suppress this message
[Fri Mar 04 06:39:06.100118 2022] [mpm_winnt:notice] [pid 12792:tid 796] AH00455: Apache/2.4.52 (Win64) PHP/8.1.3 configured -- resuming normal operations
[Fri Mar 04 06:39:06.225082 2022] [mpm_winnt:notice] [pid 12792:tid 796] AH00456: Apache Lounge VC15 Server built: Dec 23 2021 11:00:40
[Fri Mar 04 06:39:06.225082 2022] [core:notice] [pid 12792:tid 796] AH00094: Command line: 'C:\\Server\\Apache24\\bin\\httpd.exe -d C:/Server/Apache24'
[Fri Mar 04 06:39:08.814850 2022] [mpm_winnt:notice] [pid 12792:tid 796] AH00418: Parent: Created child process 13112
AH00558: httpd.exe: Could not reliably determine the server's fully qualified domain name, using fe80::9cfc:8c3d:dfd2:4eb9. Set the 'ServerName' directive globally to suppress this message
AH00558: httpd.exe: Could not reliably determine the server's fully qualified domain name, using fe80::9cfc:8c3d:dfd2:4eb9. Set the 'ServerName' directive globally to suppress this message
[Fri Mar 04 06:39:14.670085 2022] [mpm_winnt:notice] [pid 13112:tid 764] AH00354: Child: Starting 64 worker threads.
[Fri Mar 04 06:48:55.890879 2022] [php:error] [pid 13112:tid 1280] [client ::1:64148] PHP Parse error:  syntax error, unexpected end of file in C:\\Server\\Apache24\\htdocs\\prueba.php on line 3
AH00558: httpd.exe: Could not reliably determine the server's fully qualified domain name, using fe80::9cfc:8c3d:dfd2:4eb9. Set the 'ServerName' directive globally to suppress this message
[Sun Mar 06 15:39:10.869585 2022] [core:warn] [pid 3420:tid 760] AH00098: pid file C:/Server/Apache24/logs/httpd.pid overwritten -- Unclean shutdown of previous Apache run?
[Sun Mar 06 15:39:33.527864 2022] [mpm_winnt:notice] [pid 3420:tid 760] AH00455: Apache/2.4.52 (Win64) PHP/8.1.3 configured -- resuming normal operations
[Sun Mar 06 15:39:33.527864 2022] [mpm_winnt:notice] [pid 3420:tid 760] AH00456: Apache Lounge VC15 Server built: Dec 23 2021 11:00:40
[Sun Mar 06 15:39:33.527864 2022] [core:notice] [pid 3420:tid 760] AH00094: Command line: 'C:\\Server\\Apache24\\bin\\httpd.exe -d C:/Server/Apache24'
[Sun Mar 06 15:39:33.527864 2022] [mpm_winnt:notice] [pid 3420:tid 760] AH00418: Parent: Created child process 1592
AH00558: httpd.exe: Could not reliably determine the server's fully qualified domain name, using fe80::9cfc:8c3d:dfd2:4eb9. Set the 'ServerName' directive globally to suppress this message
AH00558: httpd.exe: Could not reliably determine the server's fully qualified domain name, using fe80::9cfc:8c3d:dfd2:4eb9. Set the 'ServerName' directive globally to suppress this message
[Sun Mar 06 15:39:39.215343 2022] [mpm_winnt:notice] [pid 1592:tid 752] AH00354: Child: Starting 64 worker threads.
AH00558: httpd.exe: Could not reliably determine the server's fully qualified domain name, using fe80::9cfc:8c3d:dfd2:4eb9. Set the 'ServerName' directive globally to suppress this message
[Mon Mar 07 12:20:58.733232 2022] [core:warn] [pid 3416:tid 760] AH00098: pid file C:/Server/Apache24/logs/httpd.pid overwritten -- Unclean shutdown of previous Apache run?
[Mon Mar 07 12:21:11.012228 2022] [mpm_winnt:notice] [pid 3416:tid 760] AH00455: Apache/2.4.52 (Win64) PHP/8.1.3 configured -- resuming normal operations
[Mon Mar 07 12:21:11.012228 2022] [mpm_winnt:notice] [pid 3416:tid 760] AH00456: Apache Lounge VC15 Server built: Dec 23 2021 11:00:40
[Mon Mar 07 12:21:11.012228 2022] [core:notice] [pid 3416:tid 760] AH00094: Command line: 'C:\\Server\\Apache24\\bin\\httpd.exe -d C:/Server/Apache24'
[Mon Mar 07 12:21:11.017218 2022] [mpm_winnt:notice] [pid 3416:tid 760] AH00418: Parent: Created child process 1556
AH00558: httpd.exe: Could not reliably determine the server's fully qualified domain name, using fe80::9cfc:8c3d:dfd2:4eb9. Set the 'ServerName' directive globally to suppress this message
AH00558: httpd.exe: Could not reliably determine the server's fully qualified domain name, using fe80::9cfc:8c3d:dfd2:4eb9. Set the 'ServerName' directive globally to suppress this message
[Mon Mar 07 12:21:14.606290 2022] [mpm_winnt:notice] [pid 1556:tid 752] AH00354: Child: Starting 64 worker threads.
AH00558: httpd.exe: Could not reliably determine the server's fully qualified domain name, using fe80::9cfc:8c3d:dfd2:4eb9. Set the 'ServerName' directive globally to suppress this message
[Tue Mar 08 09:48:55.449209 2022] [core:warn] [pid 3360:tid 784] AH00098: pid file C:/Server/Apache24/logs/httpd.pid overwritten -- Unclean shutdown of previous Apache run?
[Tue Mar 08 09:49:00.207970 2022] [mpm_winnt:notice] [pid 3360:tid 784] AH00455: Apache/2.4.52 (Win64) PHP/8.1.3 configured -- resuming normal operations
[Tue Mar 08 09:49:00.208976 2022] [mpm_winnt:notice] [pid 3360:tid 784] AH00456: Apache Lounge VC15 Server built: Dec 23 2021 11:00:40
[Tue Mar 08 09:49:00.208976 2022] [core:notice] [pid 3360:tid 784] AH00094: Command line: 'C:\\Server\\Apache24\\bin\\httpd.exe -d C:/Server/Apache24'
[Tue Mar 08 09:49:00.213970 2022] [mpm_winnt:notice] [pid 3360:tid 784] AH00418: Parent: Created child process 4444
AH00558: httpd.exe: Could not reliably determine the server's fully qualified domain name, using fe80::9cfc:8c3d:dfd2:4eb9. Set the 'ServerName' directive globally to suppress this message
AH00558: httpd.exe: Could not reliably determine the server's fully qualified domain name, using fe80::9cfc:8c3d:dfd2:4eb9. Set the 'ServerName' directive globally to suppress this message
[Tue Mar 08 09:49:05.393067 2022] [mpm_winnt:notice] [pid 4444:tid 756] AH00354: Child: Starting 64 worker threads.
AH00558: httpd.exe: Could not reliably determine the server's fully qualified domain name, using fe80::9cfc:8c3d:dfd2:4eb9. Set the 'ServerName' directive globally to suppress this message
[Fri Mar 11 09:52:49.180463 2022] [core:warn] [pid 3468:tid 460] AH00098: pid file C:/Server/Apache24/logs/httpd.pid overwritten -- Unclean shutdown of previous Apache run?
[Fri Mar 11 09:53:10.858703 2022] [mpm_winnt:notice] [pid 3468:tid 460] AH00455: Apache/2.4.52 (Win64) PHP/8.1.3 configured -- resuming normal operations
[Fri Mar 11 09:53:10.859702 2022] [mpm_winnt:notice] [pid 3468:tid 460] AH00456: Apache Lounge VC15 Server built: Dec 23 2021 11:00:40
[Fri Mar 11 09:53:10.859702 2022] [core:notice] [pid 3468:tid 460] AH00094: Command line: 'C:\\Server\\Apache24\\bin\\httpd.exe -d C:/Server/Apache24'
[Fri Mar 11 09:53:10.865702 2022] [mpm_winnt:notice] [pid 3468:tid 460] AH00418: Parent: Created child process 4156
AH00558: httpd.exe: Could not reliably determine the server's fully qualified domain name, using fe80::9cfc:8c3d:dfd2:4eb9. Set the 'ServerName' directive globally to suppress this message
AH00558: httpd.exe: Could not reliably determine the server's fully qualified domain name, using fe80::9cfc:8c3d:dfd2:4eb9. Set the 'ServerName' directive globally to suppress this message
[Fri Mar 11 09:53:16.398919 2022] [mpm_winnt:notice] [pid 4156:tid 752] AH00354: Child: Starting 64 worker threads.
AH00558: httpd.exe: Could not reliably determine the server's fully qualified domain name, using fe80::9cfc:8c3d:dfd2:4eb9. Set the 'ServerName' directive globally to suppress this message
[Fri Mar 11 19:48:34.194412 2022] [core:warn] [pid 2960:tid 764] AH00098: pid file C:/Server/Apache24/logs/httpd.pid overwritten -- Unclean shutdown of previous Apache run?
[Fri Mar 11 19:49:10.125547 2022] [mpm_winnt:notice] [pid 2960:tid 764] AH00455: Apache/2.4.52 (Win64) PHP/8.1.3 configured -- resuming normal operations
[Fri Mar 11 19:49:10.125547 2022] [mpm_winnt:notice] [pid 2960:tid 764] AH00456: Apache Lounge VC15 Server built: Dec 23 2021 11:00:40
[Fri Mar 11 19:49:10.125547 2022] [core:notice] [pid 2960:tid 764] AH00094: Command line: 'C:\\Server\\Apache24\\bin\\httpd.exe -d C:/Server/Apache24'
[Fri Mar 11 19:49:10.132567 2022] [mpm_winnt:notice] [pid 2960:tid 764] AH00418: Parent: Created child process 4776
AH00558: httpd.exe: Could not reliably determine the server's fully qualified domain name, using fe80::9cfc:8c3d:dfd2:4eb9. Set the 'ServerName' directive globally to suppress this message
AH00558: httpd.exe: Could not reliably determine the server's fully qualified domain name, using fe80::9cfc:8c3d:dfd2:4eb9. Set the 'ServerName' directive globally to suppress this message
[Fri Mar 11 19:49:16.570893 2022] [mpm_winnt:notice] [pid 4776:tid 752] AH00354: Child: Starting 64 worker threads.
[Sat Mar 12 13:47:01.865982 2022] [mpm_winnt:notice] [pid 2960:tid 764] AH00422: Parent: Received shutdown signal -- Shutting down the server.
[Sat Mar 12 13:47:04.072924 2022] [mpm_winnt:notice] [pid 4776:tid 752] AH00364: Child: All worker threads have exited.
[Sat Mar 12 13:47:05.410371 2022] [mpm_winnt:notice] [pid 2960:tid 764] AH00430: Parent: Child process 4776 exited successfully.
AH00558: httpd.exe: Could not reliably determine the server's fully qualified domain name, using fe80::9cfc:8c3d:dfd2:4eb9. Set the 'ServerName' directive globally to suppress this message
[Sat Mar 12 13:47:21.369556 2022] [mpm_winnt:notice] [pid 2244:tid 756] AH00455: Apache/2.4.52 (Win64) PHP/8.1.3 configured -- resuming normal operations
[Sat Mar 12 13:47:21.370560 2022] [mpm_winnt:notice] [pid 2244:tid 756] AH00456: Apache Lounge VC15 Server built: Dec 23 2021 11:00:40
[Sat Mar 12 13:47:21.370560 2022] [core:notice] [pid 2244:tid 756] AH00094: Command line: 'C:\\Server\\Apache24\\bin\\httpd.exe -d C:/Server/Apache24'
[Sat Mar 12 13:47:21.461691 2022] [mpm_winnt:notice] [pid 2244:tid 756] AH00418: Parent: Created child process 10168
AH00558: httpd.exe: Could not reliably determine the server's fully qualified domain name, using fe80::9cfc:8c3d:dfd2:4eb9. Set the 'ServerName' directive globally to suppress this message
AH00558: httpd.exe: Could not reliably determine the server's fully qualified domain name, using fe80::9cfc:8c3d:dfd2:4eb9. Set the 'ServerName' directive globally to suppress this message
[Sat Mar 12 13:47:28.309766 2022] [mpm_winnt:notice] [pid 10168:tid 472] AH00354: Child: Starting 64 worker threads.
[Sat Mar 12 13:47:52.946084 2022] [php:error] [pid 10168:tid 1280] [client ::1:63327] PHP Parse error:  syntax error, unexpected end of file, expecting variable or "${" or "{$" in C:\\Server\\Apache24\\htdocs\\introphp\\index.php on line 2
[Sat Mar 12 14:14:43.405033 2022] [php:error] [pid 10168:tid 1276] [client ::1:54305] PHP Parse error:  syntax error, unexpected token ")" in C:\\Server\\Apache24\\htdocs\\introphp\\index.php on line 6, referer: http://localhost/introphp/
[Sat Mar 12 14:47:22.665085 2022] [php:error] [pid 10168:tid 1280] [client ::1:57347] PHP Fatal error:  Uncaught Error: Undefined constant "TITLE" in C:\\Server\\Apache24\\htdocs\\introphp\\index.php:32\nStack trace:\n#0 {main}\n  thrown in C:\\Server\\Apache24\\htdocs\\introphp\\index.php on line 32, referer: http://localhost/introphp/?seleccion=en&enviar=seleccionar
[Sat Mar 12 14:47:35.423592 2022] [php:error] [pid 10168:tid 1280] [client ::1:57352] PHP Parse error:  syntax error, unexpected end of file in C:\\Server\\Apache24\\htdocs\\introphp\\es.php on line 5
[Sat Mar 12 17:12:32.663461 2022] [mpm_winnt:notice] [pid 2244:tid 756] AH00422: Parent: Received shutdown signal -- Shutting down the server.
[Sat Mar 12 17:12:34.883271 2022] [mpm_winnt:notice] [pid 10168:tid 472] AH00364: Child: All worker threads have exited.
[Sat Mar 12 17:12:37.933957 2022] [mpm_winnt:notice] [pid 2244:tid 756] AH00430: Parent: Child process 10168 exited successfully.
